2021-12-13 21:12:701 INFO  ManageDriver :30 - Launching Chrome Browser
2021-12-13 21:12:384 INFO  HomePage :53 -  Clicking on Home Button [[ChromeDriver: chrome on WINDOWS (e2fb9f14d3285b71b1f2bea90c04370f)] -> xpath: //button[@class='btn home']]
2021-12-13 21:12:532 INFO  OpenAccountPage :30 -  Enter name on customer name field [[ChromeDriver: chrome on WINDOWS (e2fb9f14d3285b71b1f2bea90c04370f)] -> xpath: //select[@id='userSelect']]
2021-12-13 21:12:603 INFO  CustomerLoginPage :36 - Clicking on Customer Login button[[ChromeDriver: chrome on WINDOWS (e2fb9f14d3285b71b1f2bea90c04370f)] -> xpath: //button[contains(text(),'Login')]]
2021-12-13 21:12:15 INFO  AccountPage :69 - Clicking on Deposit button[[ChromeDriver: chrome on WINDOWS (e2fb9f14d3285b71b1f2bea90c04370f)] -> xpath: //button[@ng-class='btnClass2']]
2021-12-13 21:12:348 INFO  AccountPage :75 - Input amount to Amount To Be Deposited field [[ChromeDriver: chrome on WINDOWS (e2fb9f14d3285b71b1f2bea90c04370f)] -> xpath: //input[@placeholder='amount']]
2021-12-13 21:12:440 INFO  AccountPage :80 - Clicking on Deposit button[[ChromeDriver: chrome on WINDOWS (e2fb9f14d3285b71b1f2bea90c04370f)] -> xpath: //button[@type='submit']]
2021-12-13 21:12:461 INFO  AccountPage :89 - Getting confirmation text to confirm amount to be deposited successfully [[ChromeDriver: chrome on WINDOWS (e2fb9f14d3285b71b1f2bea90c04370f)] -> xpath: //span[contains(text(),'Deposit Successful')]]
2021-12-13 21:12:580 INFO  AccountPage :96 - Clicking on Withdraw button[[ChromeDriver: chrome on WINDOWS (e2fb9f14d3285b71b1f2bea90c04370f)] -> xpath: //button[@ng-class='btnClass3']]
2021-12-13 21:12:629 INFO  AccountPage :102 - Input amount to Amount To Be Withdraw field [[ChromeDriver: chrome on WINDOWS (e2fb9f14d3285b71b1f2bea90c04370f)] -> xpath: //input[@placeholder='amount']]
2021-12-13 21:12:701 INFO  AccountPage :107 - Clicking on Deposit button[[ChromeDriver: chrome on WINDOWS (e2fb9f14d3285b71b1f2bea90c04370f)] -> xpath: //button[@type='submit']]
2021-12-13 21:12:793 INFO  AccountPage :111 - Getting confirmation text to confirm amount to be Withdrawn successfully Proxy element for: DefaultElementLocator 'By.xpath: //span[contains(text(),'Transaction successful')]'
2021-12-13 21:12:526 INFO  ManageDriver :30 - Launching Chrome Browser
2021-12-13 21:12:203 INFO  HomePage :53 -  Clicking on Home Button [[ChromeDriver: chrome on WINDOWS (8ece518783990dd1bd3ec27bf7de384f)] -> xpath: //button[@class='btn home']]
2021-12-13 21:12:387 INFO  HomePage :47 - Clicking on login link: [[ChromeDriver: chrome on WINDOWS (8ece518783990dd1bd3ec27bf7de384f)] -> xpath: //button[contains(text(),'Bank Manager Login')]]
2021-12-13 21:12:81 INFO  HomePage :38 - Clicking On Open Account Tab :[[ChromeDriver: chrome on WINDOWS (8ece518783990dd1bd3ec27bf7de384f)] -> xpath: //button[contains(text(),'Open Account')]]
2021-12-13 21:12:645 INFO  OpenAccountPage :30 -  Enter name on customer name field [[ChromeDriver: chrome on WINDOWS (8ece518783990dd1bd3ec27bf7de384f)] -> xpath: //select[@id='userSelect']]
2021-12-13 21:12:784 INFO  OpenAccountPage :36 -  clicking on Pound currency field[[ChromeDriver: chrome on WINDOWS (8ece518783990dd1bd3ec27bf7de384f)] -> xpath: //select[@id='currency']]
2021-12-15 21:12:133 INFO  ManageDriver :30 - Launching Chrome Browser
2021-12-15 21:12:862 INFO  HomePage :53 -  Clicking on Home Button [[ChromeDriver: chrome on WINDOWS (9991c10c70474e543bdc31ec004d24a7)] -> xpath: //button[@class='btn home']]
2021-12-15 21:12:942 INFO  HomePage :47 - Clicking on login link: [[ChromeDriver: chrome on WINDOWS (9991c10c70474e543bdc31ec004d24a7)] -> xpath: //button[contains(text(),'Bank Manager Login')]]
2021-12-15 21:12:216 INFO  HomePage :34 - Clicking On Add Customer Tab :[[ChromeDriver: chrome on WINDOWS (9991c10c70474e543bdc31ec004d24a7)] -> xpath: //button[contains(text(),'Add Customer')]]
2021-12-15 21:12:628 INFO  AddCustomerPage :31 -  Enter first name Nidhi to the first name field[[ChromeDriver: chrome on WINDOWS (9991c10c70474e543bdc31ec004d24a7)] -> xpath: //input[@placeholder='First Name']]
2021-12-15 21:12:703 INFO  AddCustomerPage :37 -  Enter last name Patel to the last name field[[ChromeDriver: chrome on WINDOWS (9991c10c70474e543bdc31ec004d24a7)] -> xpath: //input[@placeholder='Last Name']]
2021-12-15 21:12:789 INFO  AddCustomerPage :43 -  Enter post code HA3 3NG to the post code field[[ChromeDriver: chrome on WINDOWS (9991c10c70474e543bdc31ec004d24a7)] -> xpath: //input[@placeholder='Post Code']]
2021-12-15 21:12:596 INFO  ManageDriver :30 - Launching Chrome Browser
2021-12-15 21:12:263 INFO  HomePage :53 -  Clicking on Home Button [[ChromeDriver: chrome on WINDOWS (cecb2848a4de74a4bb815469cb686af4)] -> xpath: //button[@class='btn home']]
2021-12-15 21:12:315 INFO  HomePage :47 - Clicking on login link: [[ChromeDriver: chrome on WINDOWS (cecb2848a4de74a4bb815469cb686af4)] -> xpath: //button[contains(text(),'Bank Manager Login')]]
2021-12-15 21:12:609 INFO  HomePage :38 - Clicking On Open Account Tab :[[ChromeDriver: chrome on WINDOWS (cecb2848a4de74a4bb815469cb686af4)] -> xpath: //button[contains(text(),'Open Account')]]
2021-12-15 21:12:951 INFO  OpenAccountPage :28 -  Enter name on customer name field [[ChromeDriver: chrome on WINDOWS (cecb2848a4de74a4bb815469cb686af4)] -> xpath: //select[@id='userSelect']]
2021-12-15 21:12:45 INFO  OpenAccountPage :34 -  clicking on Pound currency field[[ChromeDriver: chrome on WINDOWS (cecb2848a4de74a4bb815469cb686af4)] -> xpath: //select[@id='currency']]
2021-12-15 21:12:758 INFO  ManageDriver :30 - Launching Chrome Browser
2021-12-15 21:12:225 INFO  HomePage :53 -  Clicking on Home Button [[ChromeDriver: chrome on WINDOWS (7754c00ac7dfbcc67c299c75cdbaf49a)] -> xpath: //button[@class='btn home']]
2021-12-15 21:12:591 INFO  OpenAccountPage :28 -  Enter name on customer name field [[ChromeDriver: chrome on WINDOWS (7754c00ac7dfbcc67c299c75cdbaf49a)] -> xpath: //select[@id='userSelect']]
2021-12-15 21:12:642 INFO  CustomerLoginPage :34 - Clicking on Customer Login button[[ChromeDriver: chrome on WINDOWS (7754c00ac7dfbcc67c299c75cdbaf49a)] -> xpath: //button[contains(text(),'Login')]]
2021-12-15 21:12:896 INFO  AccountPage :56 - Getting Customer Name text to confirm customer logged in successfully [[ChromeDriver: chrome on WINDOWS (7754c00ac7dfbcc67c299c75cdbaf49a)] -> xpath: //span[contains(text(),'Harry Potter')]]
2021-12-15 21:12:962 INFO  AccountPage :62 - Clicking on Logout button[[ChromeDriver: chrome on WINDOWS (7754c00ac7dfbcc67c299c75cdbaf49a)] -> xpath: //button[contains(text(),'Logout')]]
2021-12-15 21:12:621 INFO  ManageDriver :30 - Launching Chrome Browser
2021-12-15 21:12:313 INFO  HomePage :53 -  Clicking on Home Button [[ChromeDriver: chrome on WINDOWS (9c3aea41fc69b9d529e11a30ddf105d3)] -> xpath: //button[@class='btn home']]
2021-12-15 21:12:676 INFO  OpenAccountPage :28 -  Enter name on customer name field [[ChromeDriver: chrome on WINDOWS (9c3aea41fc69b9d529e11a30ddf105d3)] -> xpath: //select[@id='userSelect']]
2021-12-15 21:12:719 INFO  CustomerLoginPage :34 - Clicking on Customer Login button[[ChromeDriver: chrome on WINDOWS (9c3aea41fc69b9d529e11a30ddf105d3)] -> xpath: //button[contains(text(),'Login')]]
2021-12-15 21:12:05 INFO  AccountPage :67 - Clicking on Deposit button[[ChromeDriver: chrome on WINDOWS (9c3aea41fc69b9d529e11a30ddf105d3)] -> xpath: //button[@ng-class='btnClass2']]
2021-12-15 21:12:341 INFO  AccountPage :73 - Input amount to Amount To Be Deposited field [[ChromeDriver: chrome on WINDOWS (9c3aea41fc69b9d529e11a30ddf105d3)] -> xpath: //input[@placeholder='amount']]
2021-12-15 21:12:387 INFO  AccountPage :78 - Clicking on Deposit button[[ChromeDriver: chrome on WINDOWS (9c3aea41fc69b9d529e11a30ddf105d3)] -> xpath: //button[@type='submit']]
2021-12-15 21:12:401 INFO  AccountPage :87 - Getting confirmation text to confirm amount to be deposited successfully [[ChromeDriver: chrome on WINDOWS (9c3aea41fc69b9d529e11a30ddf105d3)] -> xpath: //span[contains(text(),'Deposit Successful')]]
2021-12-15 21:12:78 INFO  ManageDriver :30 - Launching Chrome Browser
2021-12-15 21:12:636 INFO  HomePage :53 -  Clicking on Home Button [[ChromeDriver: chrome on WINDOWS (01f5abbfb68f8172c63efe9015f010a3)] -> xpath: //button[@class='btn home']]
2021-12-15 21:12:22 INFO  OpenAccountPage :28 -  Enter name on customer name field [[ChromeDriver: chrome on WINDOWS (01f5abbfb68f8172c63efe9015f010a3)] -> xpath: //select[@id='userSelect']]
2021-12-15 21:12:70 INFO  CustomerLoginPage :34 - Clicking on Customer Login button[[ChromeDriver: chrome on WINDOWS (01f5abbfb68f8172c63efe9015f010a3)] -> xpath: //button[contains(text(),'Login')]]
2021-12-15 21:12:384 INFO  AccountPage :67 - Clicking on Deposit button[[ChromeDriver: chrome on WINDOWS (01f5abbfb68f8172c63efe9015f010a3)] -> xpath: //button[@ng-class='btnClass2']]
2021-12-15 21:12:696 INFO  AccountPage :73 - Input amount to Amount To Be Deposited field [[ChromeDriver: chrome on WINDOWS (01f5abbfb68f8172c63efe9015f010a3)] -> xpath: //input[@placeholder='amount']]
2021-12-15 21:12:743 INFO  AccountPage :78 - Clicking on Deposit button[[ChromeDriver: chrome on WINDOWS (01f5abbfb68f8172c63efe9015f010a3)] -> xpath: //button[@type='submit']]
2021-12-15 21:12:756 INFO  AccountPage :87 - Getting confirmation text to confirm amount to be deposited successfully [[ChromeDriver: chrome on WINDOWS (01f5abbfb68f8172c63efe9015f010a3)] -> xpath: //span[contains(text(),'Deposit Successful')]]
2021-12-15 21:12:818 INFO  AccountPage :94 - Clicking on Withdraw button[[ChromeDriver: chrome on WINDOWS (01f5abbfb68f8172c63efe9015f010a3)] -> xpath: //button[@ng-class='btnClass3']]
2021-12-15 21:12:853 INFO  AccountPage :100 - Input amount to Amount To Be Withdraw field [[ChromeDriver: chrome on WINDOWS (01f5abbfb68f8172c63efe9015f010a3)] -> xpath: //input[@placeholder='amount']]
2021-12-15 21:12:884 INFO  AccountPage :105 - Clicking on Deposit button[[ChromeDriver: chrome on WINDOWS (01f5abbfb68f8172c63efe9015f010a3)] -> xpath: //button[@type='submit']]
2021-12-15 21:12:949 INFO  AccountPage :109 - Getting confirmation text to confirm amount to be Withdrawn successfully Proxy element for: DefaultElementLocator 'By.xpath: //span[contains(text(),'Transaction successful')]'
